<?xml version="1.0" encoding="UTF-8"?>
<!-- Generated by org.testng.reporters.JUnitReportReporter -->
<testsuite hostname="EARTH" name="Pkg.leaveapply" tests="3" failures="0" timestamp="29 Jan 2018 09:38:18 GMT" time="11.232" errors="0">
  <testcase name="Leave" time="0.194" classname="Pkg.leaveapply"/>
  <testcase name="LoginPage" time="0.731" classname="Pkg.leaveapply"/>
  <testcase name="ApplyLeave" time="10.307" classname="Pkg.leaveapply"/>
</testsuite> <!-- Pkg.leaveapply -->
